Arguments: 
  C:\Program Files\nodejs\node.exe C:\Users\jannarong.j\AppData\Roaming\npm\node_modules\yarn\bin\yarn.js add vue-meta@alpha

PATH: 
  C:\Users\jannarong.j\bin;C:\Program Files\Git\mingw64\bin;C:\Program Files\Git\usr\local\bin;C:\Program Files\Git\usr\bin;C:\Program Files\Git\usr\bin;C:\Program Files\Git\mingw64\bin;C:\Program Files\Git\usr\bin;C:\Users\jannarong.j\bin;C:\Program Files (x86)\Common Files\Quest Shared\instantclient-basic-win32-10.2.0.4[1];C:\Python39\Scripts;C:\Python39;C:\Program Files (x86)\Common Files\Oracle\Java\javapath;C:\Windows\system32;C:\Windows;C:\Windows\System32\Wbem;C:\Windows\System32\WindowsPowerShell\v1.0;C:\Windows\System32\OpenSSH;C:\Program Files\Git\cmd;C:\Program Files\nodejs;C:\ProgramData\chocolatey\bin;C:\Program Files (x86)\Microsoft SQL Server\150\DTS\Binn;C:\Program Files\Azure Data Studio\bin;C:\Users\jannarong.j\AppData\Local\Microsoft\WindowsApps;C:\Users\jannarong.j\AppData\Local\Programs\Microsoft VS Code\bin;C:\Users\jannarong.j\AppData\Roaming\npm;C:\PHP;C:\composer;C:\Program Files\Go\bin;C:\Users\jannarong.j\AppData\Local\Microsoft\WindowsApps;C:\Users\jannarong.j\AppData\Local\Programs\Microsoft VS Code\bin;C:\Users\jannarong.j\AppData\Roaming\npm;C:\Program Files\Azure Data Studio\bin;C:\Program Files\JetBrains\PyCharm Community Edition 2021.2.2\bin;C:\Users\jannarong.j\AppData\Roaming\Composer\vendor\bin;C:\Users\jannarong.j\go\bin;C:\Program Files\Git\usr\bin\vendor_perl;C:\Program Files\Git\usr\bin\core_perl

Yarn version: 
  1.22.15

Node version: 
  14.17.6

Platform: 
  win32 x64

Trace: 
  Error: EPERM: operation not permitted, unlink 'D:\Jannarong\Web\Vue3\vite-vue3-tailwind-starter\node_modules\esbuild-windows-64\esbuild.exe'

npm manifest: 
  {
    "name": "vite-vue3-tailwind-starter",
    "version": "0.0.0",
    "scripts": {
      "dev": "vite --host",
      "build": "vite build",
      "serve": "vite preview"
    },
    "dependencies": {
      "vue": "^3.2.30",
      "vue-router": "^4.0.12"
    },
    "devDependencies": {
      "@headlessui/vue": "^1.4.3",
      "@heroicons/vue": "^1.0.5",
      "@tailwindcss/aspect-ratio": "^0.4.0",
      "@tailwindcss/forms": "^0.4.0",
      "@tailwindcss/line-clamp": "^0.3.1",
      "@tailwindcss/typography": "^0.5.1",
      "@types/tailwindcss": "^3.0.7",
      "@vitejs/plugin-vue": "^2.1.0",
      "autoprefixer": "^10.4.2",
      "prettier-plugin-tailwindcss": "^0.1.5",
      "tailwindcss": "^3.0.18",
      "vite": "^2.7.13"
    }
  }

yarn manifest: 
  No manifest

Lockfile: 
  No lockfile
